<?xml version="1.0" encoding="UTF-8"?>
<testng-results ignored="0" total="1" passed="1" failed="0" skipped="0">
  <reporter-output>
  </reporter-output>
  <suite started-at="2026-03-06T13:16:49 IST" name="Master Suite" finished-at="2026-03-06T13:17:05 IST" duration-ms="16219">
    <groups>
    </groups>
    <test started-at="2026-03-06T13:16:49 IST" name="Test" finished-at="2026-03-06T13:17:05 IST" duration-ms="16219">
      <class name="testCases.TC002_LoginTest">
        <test-method is-config="true" signature="setup(java.lang.String,java.lang.String)[pri:0, instance:testCases.TC002_LoginTest@79179359]" started-at="2026-03-06T13:16:49 IST" name="setup" finished-at="2026-03-06T13:17:02 IST" duration-ms="12326" status="PASS">
          <params>
            <param index="0">
              <value>
                <![CDATA[Windows]]>
              </value>
            </param>
            <param index="1">
              <value>
                <![CDATA[chrome]]>
              </value>
            </param>
          </params>
          <reporter-output>
          </reporter-output>
        </test-method> <!-- setup -->
        <test-method signature="verify_login()[pri:0, instance:testCases.TC002_LoginTest@79179359]" started-at="2026-03-06T13:17:02 IST" name="verify_login" finished-at="2026-03-06T13:17:05 IST" duration-ms="3084" status="PASS">
          <reporter-output>
          </reporter-output>
        </test-method> <!-- verify_login -->
        <test-method is-config="true" signature="tearDown()[pri:0, instance:testCases.TC002_LoginTest@79179359]" started-at="2026-03-06T13:17:05 IST" name="tearDown" finished-at="2026-03-06T13:17:05 IST" duration-ms="682" status="PASS">
          <reporter-output>
          </reporter-output>
        </test-method> <!-- tearDown -->
      </class> <!-- testCases.TC002_LoginTest -->
    </test> <!-- Test -->
  </suite> <!-- Master Suite -->
</testng-results>
